2017-02-15 16:35:10.806  INFO 9308 --- [main] c.s.a.SuperbizServiceApplication         : Starting SuperbizServiceApplication on DESKTOP-RTBUDVG with PID 9308 (E:\Projects\superbiz\service\superbiz\target\classes started by Susanta in E:\Projects\superbiz\service\superbiz)
2017-02-15 16:35:10.808  INFO 9308 --- [main] c.s.a.SuperbizServiceApplication         : No active profile set, falling back to default profiles: default
2017-02-15 16:35:11.267  INFO 9308 --- [main] ationConfigEmbeddedWebApplicationContext : Refreshing org.springframework.boot.context.embedded.AnnotationConfigEmbeddedWebApplicationContext@1de5f259: startup date [Wed Feb 15 16:35:11 IST 2017]; root of context hierarchy
2017-02-15 16:35:13.815  INFO 9308 --- [main] s.b.c.e.t.TomcatEmbeddedServletContainer : Tomcat initialized with port(s): 8080 (http)
2017-02-15 16:35:14.022  INFO 9308 --- [localhost-startStop-1] o.s.w.c.ContextLoader                    : Root WebApplicationContext: initialization completed in 2760 ms
2017-02-15 16:35:14.433  INFO 9308 --- [localhost-startStop-1] o.s.b.w.s.FilterRegistrationBean         : Mapping filter: 'metricsFilter' to: [/*]
2017-02-15 16:35:14.434  INFO 9308 --- [localhost-startStop-1] o.s.b.w.s.FilterRegistrationBean         : Mapping filter: 'characterEncodingFilter' to: [/*]
2017-02-15 16:35:14.434  INFO 9308 --- [localhost-startStop-1] o.s.b.w.s.FilterRegistrationBean         : Mapping filter: 'hiddenHttpMethodFilter' to: [/*]
2017-02-15 16:35:14.434  INFO 9308 --- [localhost-startStop-1] o.s.b.w.s.FilterRegistrationBean         : Mapping filter: 'httpPutFormContentFilter' to: [/*]
2017-02-15 16:35:14.435  INFO 9308 --- [localhost-startStop-1] o.s.b.w.s.FilterRegistrationBean         : Mapping filter: 'requestContextFilter' to: [/*]
2017-02-15 16:35:14.436  INFO 9308 --- [localhost-startStop-1] .s.DelegatingFilterProxyRegistrationBean : Mapping filter: 'springSecurityFilterChain' to: [/*]
2017-02-15 16:35:14.436  INFO 9308 --- [localhost-startStop-1] o.s.b.w.s.FilterRegistrationBean         : Mapping filter: 'webRequestLoggingFilter' to: [/*]
2017-02-15 16:35:14.436  INFO 9308 --- [localhost-startStop-1] o.s.b.w.s.FilterRegistrationBean         : Mapping filter: 'applicationContextIdFilter' to: [/*]
2017-02-15 16:35:14.436  INFO 9308 --- [localhost-startStop-1] o.s.b.w.s.ServletRegistrationBean        : Mapping servlet: 'dispatcherServlet' to [/]
2017-02-15 16:35:14.722  INFO 9308 --- [main] o.m.d.cluster                            : Cluster created with settings {hosts=[localhost:27017], mode=SINGLE, requiredClusterType=UNKNOWN, serverSelectionTimeout='30000 ms', maxWaitQueueSize=500}
2017-02-15 16:35:14.828  INFO 9308 --- [cluster-ClusterId{value='58a435eaa8b55b245c83759e', description='null'}-localhost:27017] o.m.d.connection                         : Opened connection [connectionId{localValue:1, serverValue:14}] to localhost:27017
2017-02-15 16:35:14.830  INFO 9308 --- [cluster-ClusterId{value='58a435eaa8b55b245c83759e', description='null'}-localhost:27017] o.m.d.cluster                            : Monitor thread successfully connected to server with description ServerDescription{address=localhost:27017, type=STANDALONE, state=CONNECTED, ok=true, version=ServerVersion{versionList=[3, 2, 4]}, minWireVersion=0, maxWireVersion=4, maxDocumentSize=16777216, roundTripTimeNanos=644346}
2017-02-15 16:35:15.892  INFO 9308 --- [main] o.s.s.w.DefaultSecurityFilterChain       : Creating filter chain: OrRequestMatcher [requestMatchers=[Ant [pattern='/css/**'], Ant [pattern='/js/**'], Ant [pattern='/images/**'], Ant [pattern='/webjars/**'], Ant [pattern='/**/favicon.ico'], Ant [pattern='/error']]], []
2017-02-15 16:35:15.998  INFO 9308 --- [main] o.s.s.w.DefaultSecurityFilterChain       : Creating filter chain: org.springframework.security.web.util.matcher.AnyRequestMatcher@1, [org.springframework.security.web.context.request.async.WebAsyncManagerIntegrationFilter@670342a2, org.springframework.security.web.context.SecurityContextPersistenceFilter@457a5b2d, org.springframework.security.web.header.HeaderWriterFilter@7fd4e815, org.springframework.security.web.authentication.logout.LogoutFilter@7f5fcfe9, org.springframework.security.web.authentication.www.BasicAuthenticationFilter@5bc63e20, org.springframework.security.web.savedrequest.RequestCacheAwareFilter@372461a9, org.springframework.security.web.servletapi.SecurityContextHolderAwareRequestFilter@3086f480, org.springframework.security.web.authentication.AnonymousAuthenticationFilter@d5e575c, org.springframework.security.web.session.SessionManagementFilter@62d40e31, org.springframework.security.web.access.ExceptionTranslationFilter@13866329, org.springframework.security.web.access.intercept.FilterSecurityInterceptor@31efacad]
2017-02-15 16:35:16.007  INFO 9308 --- [main] o.s.s.w.DefaultSecurityFilterChain       : Creating filter chain: org.springframework.boot.actuate.autoconfigure.ManagementWebSecurityAutoConfiguration$LazyEndpointPathRequestMatcher@61b65d54, [org.springframework.security.web.context.request.async.WebAsyncManagerIntegrationFilter@b2c4a8b, org.springframework.security.web.context.SecurityContextPersistenceFilter@1129829c, org.springframework.security.web.header.HeaderWriterFilter@67e0fd6d, org.springframework.security.web.authentication.logout.LogoutFilter@13213f26, org.springframework.security.web.authentication.www.BasicAuthenticationFilter@402f8592, org.springframework.security.web.savedrequest.RequestCacheAwareFilter@1a531422, org.springframework.security.web.servletapi.SecurityContextHolderAwareRequestFilter@7a388990, org.springframework.security.web.authentication.AnonymousAuthenticationFilter@7f2c57fe, org.springframework.security.web.session.SessionManagementFilter@21390938, org.springframework.security.web.access.ExceptionTranslationFilter@5bda157e, org.springframework.security.web.access.intercept.FilterSecurityInterceptor@6db328f8]
2017-02-15 16:35:16.129  INFO 9308 --- [main] s.w.s.m.m.a.RequestMappingHandlerAdapter : Looking for @ControllerAdvice: org.springframework.boot.context.embedded.AnnotationConfigEmbeddedWebApplicationContext@1de5f259: startup date [Wed Feb 15 16:35:11 IST 2017]; root of context hierarchy
2017-02-15 16:35:16.215  INFO 9308 --- [main] s.w.s.m.m.a.RequestMappingHandlerMapping : Mapped "{[/serverStatus],methods=[GET]}" onto public java.lang.String com.ss.api.controller.ServerController.serverStatus()
2017-02-15 16:35:16.217  INFO 9308 --- [main] s.w.s.m.m.a.RequestMappingHandlerMapping : Mapped "{[/login],methods=[POST]}" onto public com.ss.api.model.UserDetailsModel com.ss.api.controller.UserController.userlogin(com.ss.api.model.LoginCredential)
2017-02-15 16:35:16.218  INFO 9308 --- [main] s.w.s.m.m.a.RequestMappingHandlerMapping : Mapped "{[/register],methods=[POST]}" onto public com.ss.api.model.UserDetailsModel com.ss.api.controller.UserController.userRegister(com.ss.api.model.UserDetailsModel)
2017-02-15 16:35:16.222  INFO 9308 --- [main] s.w.s.m.m.a.RequestMappingHandlerMapping : Mapped "{[/error]}" onto public org.springframework.http.ResponseEntity<java.util.Map<java.lang.String, java.lang.Object>> org.springframework.boot.autoconfigure.web.BasicErrorController.error(javax.servlet.http.HttpServletRequest)
2017-02-15 16:35:16.222  INFO 9308 --- [main] s.w.s.m.m.a.RequestMappingHandlerMapping : Mapped "{[/error],produces=[text/html]}" onto public org.springframework.web.servlet.ModelAndView org.springframework.boot.autoconfigure.web.BasicErrorController.errorHtml(javax.servlet.http.HttpServletRequest,javax.servlet.http.HttpServletResponse)
2017-02-15 16:35:16.259  INFO 9308 --- [main] o.s.w.s.h.SimpleUrlHandlerMapping        : Mapped URL path [/webjars/**] onto handler of type [class org.springframework.web.servlet.resource.ResourceHttpRequestHandler]
2017-02-15 16:35:16.259  INFO 9308 --- [main] o.s.w.s.h.SimpleUrlHandlerMapping        : Mapped URL path [/**] onto handler of type [class org.springframework.web.servlet.resource.ResourceHttpRequestHandler]
2017-02-15 16:35:16.316  INFO 9308 --- [main] o.s.w.s.h.SimpleUrlHandlerMapping        : Mapped URL path [/**/favicon.ico] onto handler of type [class org.springframework.web.servlet.resource.ResourceHttpRequestHandler]
2017-02-15 16:35:18.129  INFO 9308 --- [main] o.s.b.a.e.m.EndpointHandlerMapping       : Mapped "{[/health || /health.json],produces=[application/json]}" onto public java.lang.Object org.springframework.boot.actuate.endpoint.mvc.HealthMvcEndpoint.invoke(java.security.Principal)
2017-02-15 16:35:18.133  INFO 9308 --- [main] o.s.b.a.e.m.EndpointHandlerMapping       : Mapped "{[/trace || /trace.json],methods=[GET],produces=[application/json]}" onto public java.lang.Object org.springframework.boot.actuate.endpoint.mvc.EndpointMvcAdapter.invoke()
2017-02-15 16:35:18.135  INFO 9308 --- [main] o.s.b.a.e.m.EndpointHandlerMapping       : Mapped "{[/beans || /beans.json],methods=[GET],produces=[application/json]}" onto public java.lang.Object org.springframework.boot.actuate.endpoint.mvc.EndpointMvcAdapter.invoke()
2017-02-15 16:35:18.135  INFO 9308 --- [main] o.s.b.a.e.m.EndpointHandlerMapping       : Mapped "{[/heapdump || /heapdump.json],methods=[GET],produces=[application/octet-stream]}" onto public void org.springframework.boot.actuate.endpoint.mvc.HeapdumpMvcEndpoint.invoke(boolean,javax.servlet.http.HttpServletRequest,javax.servlet.http.HttpServletResponse) throws java.io.IOException,javax.servlet.ServletException
2017-02-15 16:35:18.136  INFO 9308 --- [main] o.s.b.a.e.m.EndpointHandlerMapping       : Mapped "{[/mappings || /mappings.json],methods=[GET],produces=[application/json]}" onto public java.lang.Object org.springframework.boot.actuate.endpoint.mvc.EndpointMvcAdapter.invoke()
2017-02-15 16:35:18.138  INFO 9308 --- [main] o.s.b.a.e.m.EndpointHandlerMapping       : Mapped "{[/metrics/{name:.*}],methods=[GET],produces=[application/json]}" onto public java.lang.Object org.springframework.boot.actuate.endpoint.mvc.MetricsMvcEndpoint.value(java.lang.String)
2017-02-15 16:35:18.138  INFO 9308 --- [main] o.s.b.a.e.m.EndpointHandlerMapping       : Mapped "{[/metrics || /metrics.json],methods=[GET],produces=[application/json]}" onto public java.lang.Object org.springframework.boot.actuate.endpoint.mvc.EndpointMvcAdapter.invoke()
2017-02-15 16:35:18.139  INFO 9308 --- [main] o.s.b.a.e.m.EndpointHandlerMapping       : Mapped "{[/logfile || /logfile.json],methods=[GET || HEAD]}" onto public void org.springframework.boot.actuate.endpoint.mvc.LogFileMvcEndpoint.invoke(javax.servlet.http.HttpServletRequest,javax.servlet.http.HttpServletResponse) throws javax.servlet.ServletException,java.io.IOException
2017-02-15 16:35:18.140  INFO 9308 --- [main] o.s.b.a.e.m.EndpointHandlerMapping       : Mapped "{[/configprops || /configprops.json],methods=[GET],produces=[application/json]}" onto public java.lang.Object org.springframework.boot.actuate.endpoint.mvc.EndpointMvcAdapter.invoke()
2017-02-15 16:35:18.141  INFO 9308 --- [main] o.s.b.a.e.m.EndpointHandlerMapping       : Mapped "{[/dump || /dump.json],methods=[GET],produces=[application/json]}" onto public java.lang.Object org.springframework.boot.actuate.endpoint.mvc.EndpointMvcAdapter.invoke()
2017-02-15 16:35:18.148  INFO 9308 --- [main] o.s.b.a.e.m.EndpointHandlerMapping       : Mapped "{[/env/{name:.*}],methods=[GET],produces=[application/json]}" onto public java.lang.Object org.springframework.boot.actuate.endpoint.mvc.EnvironmentMvcEndpoint.value(java.lang.String)
2017-02-15 16:35:18.148  INFO 9308 --- [main] o.s.b.a.e.m.EndpointHandlerMapping       : Mapped "{[/env || /env.json],methods=[GET],produces=[application/json]}" onto public java.lang.Object org.springframework.boot.actuate.endpoint.mvc.EndpointMvcAdapter.invoke()
2017-02-15 16:35:18.149  INFO 9308 --- [main] o.s.b.a.e.m.EndpointHandlerMapping       : Mapped "{[/autoconfig || /autoconfig.json],methods=[GET],produces=[application/json]}" onto public java.lang.Object org.springframework.boot.actuate.endpoint.mvc.EndpointMvcAdapter.invoke()
2017-02-15 16:35:18.149  INFO 9308 --- [main] o.s.b.a.e.m.EndpointHandlerMapping       : Mapped "{[/info || /info.json],methods=[GET],produces=[application/json]}" onto public java.lang.Object org.springframework.boot.actuate.endpoint.mvc.EndpointMvcAdapter.invoke()
2017-02-15 16:35:18.272  INFO 9308 --- [main] o.s.j.e.a.AnnotationMBeanExporter        : Registering beans for JMX exposure on startup
2017-02-15 16:35:18.292  INFO 9308 --- [main] o.s.c.s.DefaultLifecycleProcessor        : Starting beans in phase 0
2017-02-15 16:35:18.447  INFO 9308 --- [main] s.b.c.e.t.TomcatEmbeddedServletContainer : Tomcat started on port(s): 8080 (http)
2017-02-15 16:35:18.453  INFO 9308 --- [main] c.s.a.SuperbizServiceApplication         : Started SuperbizServiceApplication in 8.176 seconds (JVM running for 10.558)
2017-02-15 16:35:57.118  INFO 9308 --- [http-nio-8080-exec-1] o.s.w.s.DispatcherServlet                : FrameworkServlet 'dispatcherServlet': initialization started
2017-02-15 16:35:57.152  INFO 9308 --- [http-nio-8080-exec-1] o.s.w.s.DispatcherServlet                : FrameworkServlet 'dispatcherServlet': initialization completed in 34 ms
2017-02-15 16:39:13.208  INFO 9308 --- [RMI TCP Connection(2)-192.168.1.55] inMXBeanRegistrar$SpringApplicationAdmin : Application shutdown requested.
2017-02-15 16:39:13.208  INFO 9308 --- [RMI TCP Connection(2)-192.168.1.55] ationConfigEmbeddedWebApplicationContext : Closing org.springframework.boot.context.embedded.AnnotationConfigEmbeddedWebApplicationContext@1de5f259: startup date [Wed Feb 15 16:35:11 IST 2017]; root of context hierarchy
2017-02-15 16:39:13.211  INFO 9308 --- [RMI TCP Connection(2)-192.168.1.55] o.s.c.s.DefaultLifecycleProcessor        : Stopping beans in phase 0
2017-02-15 16:39:13.214  INFO 9308 --- [RMI TCP Connection(2)-192.168.1.55] o.s.j.e.a.AnnotationMBeanExporter        : Unregistering JMX-exposed beans on shutdown
